0 info it worked if it ends with ok
1 verbose cli [ '/Users/kristinaschneider/.nvm/versions/node/v6.2.2/bin/node',
1 verbose cli   '/Users/kristinaschneider/.nvm/versions/node/v6.2.2/bin/npm',
1 verbose cli   'start' ]
2 info using npm@3.9.5
3 info using node@v6.2.2
4 verbose run-script [ 'prestart', 'start', 'poststart' ]
5 info lifecycle 2017.cssconf.eu@1.0.0~prestart: 2017.cssconf.eu@1.0.0
6 silly lifecycle 2017.cssconf.eu@1.0.0~prestart: no script for prestart, continuing
7 info lifecycle 2017.cssconf.eu@1.0.0~start: 2017.cssconf.eu@1.0.0
8 verbose lifecycle 2017.cssconf.eu@1.0.0~start: unsafe-perm in lifecycle true
9 verbose lifecycle 2017.cssconf.eu@1.0.0~start: PATH: /Users/kristinaschneider/.nvm/versions/node/v6.2.2/lib/node_modules/npm/bin/node-gyp-bin:/Users/kristinaschneider/projects/cssconf/2017.cssconf.eu/node_modules/.bin:/Users/kristinaschneider/.nvm/versions/node/v6.2.2/bin:/Library/Java/JavaVirtualMachines/jdk1.7.0_76.jdk/Contents/Home/bin:/Users/kristinaschneider/.nvm/versions/node/v6.2.2/bin:/Users/kristinaschneider/.rvm/gems/ruby-2.2.1/bin:/Users/kristinaschneider/.rvm/gems/ruby-2.2.1@global/bin:/Users/kristinaschneider/.rvm/rubies/ruby-2.2.1/bin:/Users/kristinaschneider/bin:/usr/local/bin:/usr/bin:/bin:/usr/sbin:/sbin:/Users/kristinaschneider/.rvm/bin
10 verbose lifecycle 2017.cssconf.eu@1.0.0~start: CWD: /Users/kristinaschneider/projects/cssconf/2017.cssconf.eu
11 silly lifecycle 2017.cssconf.eu@1.0.0~start: Args: [ '-c', 'gulp' ]
12 silly lifecycle 2017.cssconf.eu@1.0.0~start: Returned: code: 1  signal: null
13 info lifecycle 2017.cssconf.eu@1.0.0~start: Failed to exec start script
14 verbose stack Error: 2017.cssconf.eu@1.0.0 start: `gulp`
14 verbose stack Exit status 1
14 verbose stack     at EventEmitter.<anonymous> (/Users/kristinaschneider/.nvm/versions/node/v6.2.2/lib/node_modules/npm/lib/utils/lifecycle.js:245:16)
14 verbose stack     at emitTwo (events.js:106:13)
14 verbose stack     at EventEmitter.emit (events.js:191:7)
14 verbose stack     at ChildProcess.<anonymous> (/Users/kristinaschneider/.nvm/versions/node/v6.2.2/lib/node_modules/npm/lib/utils/spawn.js:24:14)
14 verbose stack     at emitTwo (events.js:106:13)
14 verbose stack     at ChildProcess.emit (events.js:191:7)
14 verbose stack     at maybeClose (internal/child_process.js:852:16)
14 verbose stack     at Process.ChildProcess._handle.onexit (internal/child_process.js:215:5)
15 verbose pkgid 2017.cssconf.eu@1.0.0
16 verbose cwd /Users/kristinaschneider/projects/cssconf/2017.cssconf.eu
17 error Darwin 15.6.0
18 error argv "/Users/kristinaschneider/.nvm/versions/node/v6.2.2/bin/node" "/Users/kristinaschneider/.nvm/versions/node/v6.2.2/bin/npm" "start"
19 error node v6.2.2
20 error npm  v3.9.5
21 error code ELIFECYCLE
22 error 2017.cssconf.eu@1.0.0 start: `gulp`
22 error Exit status 1
23 error Failed at the 2017.cssconf.eu@1.0.0 start script 'gulp'.
23 error Make sure you have the latest version of node.js and npm installed.
23 error If you do, this is most likely a problem with the 2017.cssconf.eu package,
23 error not with npm itself.
23 error Tell the author that this fails on your system:
23 error     gulp
23 error You can get information on how to open an issue for this project with:
23 error     npm bugs 2017.cssconf.eu
23 error Or if that isn't available, you can get their info via:
23 error     npm owner ls 2017.cssconf.eu
23 error There is likely additional logging output above.
24 verbose exit [ 1, true ]
